Mobile App for Marketing Recycled Materials/build/app/intermediates/manifest_merge_blame_file/debug/manifest-merger-blame-debug-report.txt
1<?xml version="1.0" encoding="utf-8"?>
2<manifest xmlns:android="http://schemas.android.com/apk/res/android"
3    package="com.example.trial"
4    android:versionCode="1"
5    android:versionName="1.0.0" >
6
7    <uses-sdk
8        android:minSdkVersion="21"
9        android:targetSdkVersion="32" />
10    <!--
11         Flutter needs it to communicate with the running application
12         to allow setting breakpoints, to provide hot reload, etc.
13    -->
14    <uses-permission android:name="android.permission.INTERNET" />
14-->src\main\AndroidManifest.xml:8:5-67
14-->src\main\AndroidManifest.xml:8:22-64
15    <!-- added these permissions -->
16    <uses-permission android:name="android.permission.ACCESS_FINE_LOCATION" />
16-->src\main\AndroidManifest.xml:5:5-79
16-->src\main\AndroidManifest.xml:5:22-76
17    <uses-permission android:name="android.permission.ACCESS_BACKGROUND_LOCATION" />
17-->src\main\AndroidManifest.xml:6:5-84
17-->src\main\AndroidManifest.xml:6:22-82
18    <uses-permission android:name="android.permission.WAKE_LOCK" />
18-->src\main\AndroidManifest.xml:7:5-68
18-->src\main\AndroidManifest.xml:7:22-65
19    <uses-permission android:name="android.permission.FOREGROUND_SERVICE" />
19-->src\main\AndroidManifest.xml:9:5-77
19-->src\main\AndroidManifest.xml:9:22-74
20    <uses-permission android:name="android.permission.ACCESS_NETWORK_STATE" />
20-->[:firebase_analytics] AndroidManifest.xml:7:5-79
20-->[:firebase_analytics] AndroidManifest.xml:7:22-76
21    <uses-permission android:name="android.permission.ACCESS_COARSE_LOCATION" />
21-->[:location] AndroidManifest.xml:7:5-81
21-->[:location] AndroidManifest.xml:7:22-78
22    <uses-permission android:name="com.google.android.gms.permission.AD_ID" />
22-->[com.google.android.gms:play-services-measurement-api:20.1.1] AndroidManifest.xml:25:5-79
22-->[com.google.android.gms:play-services-measurement-api:20.1.1] AndroidManifest.xml:25:22-76
23
24    <uses-feature
24-->[com.google.android.gms:play-services-maps:18.0.2] AndroidManifest.xml:26:5-28:35
25        android:glEsVersion="0x00020000"
25-->[com.google.android.gms:play-services-maps:18.0.2] AndroidManifest.xml:27:9-41
26        android:required="true" />
26-->[com.google.android.gms:play-services-maps:18.0.2] AndroidManifest.xml:28:9-32
27
28    <queries>
28-->[com.google.android.gms:play-services-maps:18.0.2] AndroidManifest.xml:30:5-34:15
29
30        <!-- Needs to be explicitly declared on Android R+ -->
31        <package android:name="com.google.android.apps.maps" />
31-->[com.google.android.gms:play-services-maps:18.0.2] AndroidManifest.xml:33:9-64
31-->[com.google.android.gms:play-services-maps:18.0.2] AndroidManifest.xml:33:18-61
32    </queries>
33
34    <uses-permission android:name="com.google.android.finsky.permission.BIND_GET_INSTALL_REFERRER_SERVICE" />
34-->[com.google.android.gms:play-services-measurement:20.1.1] AndroidManifest.xml:26:5-110
34-->[com.google.android.gms:play-services-measurement:20.1.1] AndroidManifest.xml:26:22-107
35
36    <application
37        android:name="android.app.Application"
38        android:appComponentFactory="androidx.core.app.CoreComponentFactory"
38-->[androidx.core:core:1.6.0] AndroidManifest.xml:24:18-86
39        android:debuggable="true"
40        android:icon="@mipmap/ic_launcher"
41        android:label="trial" >
42
43        <!-- added api key -->
44        <meta-data
45            android:name="com.google.android.geo.API_KEY"
46            android:value="AIzaSyAzw-rPiGUbJ6F4Vx0_vbZbxjMiVqP4XLY" />
47
48        <activity
49            android:name="com.example.trial.MainActivity"
50            android:configChanges="orientation|keyboardHidden|keyboard|screenSize|smallestScreenSize|locale|layoutDirection|fontScale|screenLayout|density|uiMode"
51            android:exported="true"
52            android:hardwareAccelerated="true"
53            android:launchMode="singleTop"
54            android:theme="@style/LaunchTheme"
55            android:windowSoftInputMode="adjustResize" >
56
57            <!--
58                 Specifies an Android theme to apply to this Activity as soon as
59                 the Android process has started. This theme is visible to the user
60                 while the Flutter UI initializes. After that, this theme continues
61                 to determine the Window background behind the Flutter UI.
62            -->
63            <meta-data
64                android:name="io.flutter.embedding.android.NormalTheme"
65                android:resource="@style/NormalTheme" />
66
67            <intent-filter>
68                <action android:name="android.intent.action.MAIN" />
69
70                <category android:name="android.intent.category.LAUNCHER" />
71            </intent-filter>
72        </activity>
73        <!--
74             Don't delete the meta-data below.
75             This is used by the Flutter tool to generate GeneratedPluginRegistrant.java
76        -->
77        <meta-data
78            android:name="flutterEmbedding"
79            android:value="2" />
80
81        <service
81-->[:firebase_database] AndroidManifest.xml:8:9-12:19
82            android:name="com.google.firebase.components.ComponentDiscoveryService"
82-->[:firebase_database] AndroidManifest.xml:8:18-89
83            android:directBootAware="true"
83-->[com.google.firebase:firebase-common:20.1.0] AndroidManifest.xml:35:13-43
84            android:exported="false" >
84-->[com.google.firebase:firebase-auth:21.0.2] AndroidManifest.xml:66:13-37
85            <meta-data
85-->[:firebase_database] AndroidManifest.xml:9:13-11:85
86                android:name="com.google.firebase.components:io.flutter.plugins.firebase.database.FlutterFirebaseAppRegistrar"
86-->[:firebase_database] AndroidManifest.xml:10:17-127
87                android:value="com.google.firebase.components.ComponentRegistrar" />
87-->[:firebase_database] AndroidManifest.xml:11:17-82
88            <meta-data
88-->[:cloud_firestore] AndroidManifest.xml:9:13-11:85
89                android:name="com.google.firebase.components:io.flutter.plugins.firebase.firestore.FlutterFirebaseFirestoreRegistrar"
89-->[:cloud_firestore] AndroidManifest.xml:10:17-134
90                android:value="com.google.firebase.components.ComponentRegistrar" />
90-->[:cloud_firestore] AndroidManifest.xml:11:17-82
91            <meta-data
91-->[:firebase_dynamic_links] AndroidManifest.xml:11:13-13:85
92                android:name="com.google.firebase.components:io.flutter.plugins.firebase.dynamiclinks.FlutterFirebaseAppRegistrar"
92-->[:firebase_dynamic_links] AndroidManifest.xml:12:17-131
93                android:value="com.google.firebase.components.ComponentRegistrar" />
93-->[:firebase_dynamic_links] AndroidManifest.xml:13:17-82
94            <meta-data
94-->[:firebase_analytics] AndroidManifest.xml:13:13-15:85
95                android:name="com.google.firebase.components:io.flutter.plugins.firebase.analytics.FlutterFirebaseAppRegistrar"
95-->[:firebase_analytics] AndroidManifest.xml:14:17-128
96                android:value="com.google.firebase.components.ComponentRegistrar" />
96-->[:firebase_analytics] AndroidManifest.xml:15:17-82
97            <meta-data
97-->[:firebase_auth] AndroidManifest.xml:9:13-11:85
98                android:name="com.google.firebase.components:io.flutter.plugins.firebase.auth.FlutterFirebaseAuthRegistrar"
98-->[:firebase_auth] AndroidManifest.xml:10:17-124
99                android:value="com.google.firebase.components.ComponentRegistrar" />
99-->[:firebase_auth] AndroidManifest.xml:11:17-82
100            <meta-data
100-->[:firebase_storage] AndroidManifest.xml:9:13-11:85
101                android:name="com.google.firebase.components:io.flutter.plugins.firebase.storage.FlutterFirebaseAppRegistrar"
101-->[:firebase_storage] AndroidManifest.xml:10:17-126
102                android:value="com.google.firebase.components.ComponentRegistrar" />
102-->[:firebase_storage] AndroidManifest.xml:11:17-82
103            <meta-data
103-->[:firebase_core] AndroidManifest.xml:9:13-11:85
104                android:name="com.google.firebase.components:io.flutter.plugins.firebase.core.FlutterFirebaseCoreRegistrar"
104-->[:firebase_core] AndroidManifest.xml:10:17-124
105                android:value="com.google.firebase.components.ComponentRegistrar" />
105-->[:firebase_core] AndroidManifest.xml:11:17-82
106            <meta-data
106-->[com.google.firebase:firebase-auth:21.0.2] AndroidManifest.xml:67:13-69:85
107                android:name="com.google.firebase.components:com.google.firebase.auth.FirebaseAuthRegistrar"
107-->[com.google.firebase:firebase-auth:21.0.2] AndroidManifest.xml:68:17-109
108                android:value="com.google.firebase.components.ComponentRegistrar" />
108-->[com.google.firebase:firebase-auth:21.0.2] AndroidManifest.xml:69:17-82
109            <meta-data
109-->[com.google.firebase:firebase-firestore:24.0.2] AndroidManifest.xml:20:13-22:85
110                android:name="com.google.firebase.components:com.google.firebase.firestore.FirestoreRegistrar"
110-->[com.google.firebase:firebase-firestore:24.0.2] AndroidManifest.xml:21:17-111
111                android:value="com.google.firebase.components.ComponentRegistrar" />
111-->[com.google.firebase:firebase-firestore:24.0.2] AndroidManifest.xml:22:17-82
112            <meta-data
112-->[com.google.firebase:firebase-dynamic-links:21.0.1] AndroidManifest.xml:27:13-29:85
113                android:name="com.google.firebase.components:com.google.firebase.dynamiclinks.internal.FirebaseDynamicLinkRegistrar"
113-->[com.google.firebase:firebase-dynamic-links:21.0.1] AndroidManifest.xml:28:17-133
114                android:value="com.google.firebase.components.ComponentRegistrar" />
114-->[com.google.firebase:firebase-dynamic-links:21.0.1] AndroidManifest.xml:29:17-82
115            <meta-data
115-->[com.google.firebase:firebase-storage:20.0.1] AndroidManifest.xml:33:13-35:85
116                android:name="com.google.firebase.components:com.google.firebase.storage.StorageRegistrar"
116-->[com.google.firebase:firebase-storage:20.0.1] AndroidManifest.xml:34:17-107
117                android:value="com.google.firebase.components.ComponentRegistrar" />
117-->[com.google.firebase:firebase-storage:20.0.1] AndroidManifest.xml:35:17-82
118            <meta-data
118-->[com.google.firebase:firebase-database:20.0.4] AndroidManifest.xml:32:13-34:85
119                android:name="com.google.firebase.components:com.google.firebase.database.DatabaseRegistrar"
119-->[com.google.firebase:firebase-database:20.0.4] AndroidManifest.xml:33:17-109
120                android:value="com.google.firebase.components.ComponentRegistrar" />
120-->[com.google.firebase:firebase-database:20.0.4] AndroidManifest.xml:34:17-82
121            <meta-data
121-->[com.google.android.gms:play-services-measurement-api:20.1.1] AndroidManifest.xml:31:13-33:85
122                android:name="com.google.firebase.components:com.google.firebase.analytics.connector.internal.AnalyticsConnectorRegistrar"
122-->[com.google.android.gms:play-services-measurement-api:20.1.1] AndroidManifest.xml:32:17-139
123                android:value="com.google.firebase.components.ComponentRegistrar" />
123-->[com.google.android.gms:play-services-measurement-api:20.1.1] AndroidManifest.xml:33:17-82
124            <meta-data
124-->[com.google.firebase:firebase-installations:17.0.1] AndroidManifest.xml:18:13-20:85
125                android:name="com.google.firebase.components:com.google.firebase.installations.FirebaseInstallationsRegistrar"
125-->[com.google.firebase:firebase-installations:17.0.1] AndroidManifest.xml:19:17-127
126                android:value="com.google.firebase.components.ComponentRegistrar" />
126-->[com.google.firebase:firebase-installations:17.0.1] AndroidManifest.xml:20:17-82
127        </service>
128
129        <provider
129-->[:image_picker] AndroidManifest.xml:8:9-16:20
130            android:name="io.flutter.plugins.imagepicker.ImagePickerFileProvider"
130-->[:image_picker] AndroidManifest.xml:9:13-82
131            android:authorities="com.example.trial.flutter.image_provider"
131-->[:image_picker] AndroidManifest.xml:10:13-74
132            android:exported="false"
132-->[:image_picker] AndroidManifest.xml:11:13-37
133            android:grantUriPermissions="true" >
133-->[:image_picker] AndroidManifest.xml:12:13-47
134            <meta-data
134-->[:image_picker] AndroidManifest.xml:13:13-15:75
135                android:name="android.support.FILE_PROVIDER_PATHS"
135-->[:image_picker] AndroidManifest.xml:14:17-67
136                android:resource="@xml/flutter_image_picker_file_paths" />
136-->[:image_picker] AndroidManifest.xml:15:17-72
137        </provider>
138
139        <service
139-->[:location] AndroidManifest.xml:11:9-15:56
140            android:name="com.lyokone.location.FlutterLocationService"
140-->[:location] AndroidManifest.xml:12:13-71
141            android:enabled="true"
141-->[:location] AndroidManifest.xml:13:13-35
142            android:exported="false"
142-->[:location] AndroidManifest.xml:14:13-37
143            android:foregroundServiceType="location" />
143-->[:location] AndroidManifest.xml:15:13-53
144
145        <activity
145-->[com.google.firebase:firebase-auth:21.0.2] AndroidManifest.xml:27:9-44:20
146            android:name="com.google.firebase.auth.internal.GenericIdpActivity"
146-->[com.google.firebase:firebase-auth:21.0.2] AndroidManifest.xml:28:13-80
147            android:excludeFromRecents="true"
147-->[com.google.firebase:firebase-auth:21.0.2] AndroidManifest.xml:29:13-46
148            android:exported="true"
148-->[com.google.firebase:firebase-auth:21.0.2] AndroidManifest.xml:30:13-36
149            android:launchMode="singleTask"
149-->[com.google.firebase:firebase-auth:21.0.2] AndroidManifest.xml:31:13-44
150            android:theme="@android:style/Theme.Translucent.NoTitleBar" >
150-->[com.google.firebase:firebase-auth:21.0.2] AndroidManifest.xml:32:13-72
151            <intent-filter>
151-->[com.google.firebase:firebase-auth:21.0.2] AndroidManifest.xml:33:13-43:29
152                <action android:name="android.intent.action.VIEW" />
152-->[com.google.firebase:firebase-auth:21.0.2] AndroidManifest.xml:34:17-69
152-->[com.google.firebase:firebase-auth:21.0.2] AndroidManifest.xml:34:25-66
153
154                <category android:name="android.intent.category.DEFAULT" />
154-->[com.google.firebase:firebase-auth:21.0.2] AndroidManifest.xml:36:17-76
154-->[com.google.firebase:firebase-auth:21.0.2] AndroidManifest.xml:36:27-73
155                <category android:name="android.intent.category.BROWSABLE" />
155-->[com.google.firebase:firebase-auth:21.0.2] AndroidManifest.xml:37:17-78
155-->[com.google.firebase:firebase-auth:21.0.2] AndroidManifest.xml:37:27-75
156
157                <data
157-->[com.google.firebase:firebase-auth:21.0.2] AndroidManifest.xml:39:17-42:51
158                    android:host="firebase.auth"
158-->[com.google.firebase:firebase-auth:21.0.2] AndroidManifest.xml:40:21-49
159                    android:path="/"
159-->[com.google.firebase:firebase-auth:21.0.2] AndroidManifest.xml:41:21-37
160                    android:scheme="genericidp" />
160-->[com.google.firebase:firebase-auth:21.0.2] AndroidManifest.xml:42:21-48
161            </intent-filter>
162        </activity>
163        <activity
163-->[com.google.firebase:firebase-auth:21.0.2] AndroidManifest.xml:45:9-62:20
164            android:name="com.google.firebase.auth.internal.RecaptchaActivity"
164-->[com.google.firebase:firebase-auth:21.0.2] AndroidManifest.xml:46:13-79
165            android:excludeFromRecents="true"
165-->[com.google.firebase:firebase-auth:21.0.2] AndroidManifest.xml:47:13-46
166            android:exported="true"
166-->[com.google.firebase:firebase-auth:21.0.2] AndroidManifest.xml:48:13-36
167            android:launchMode="singleTask"
167-->[com.google.firebase:firebase-auth:21.0.2] AndroidManifest.xml:49:13-44
168            android:theme="@android:style/Theme.Translucent.NoTitleBar" >
168-->[com.google.firebase:firebase-auth:21.0.2] AndroidManifest.xml:50:13-72
169            <intent-filter>
169-->[com.google.firebase:firebase-auth:21.0.2] AndroidManifest.xml:51:13-61:29
170                <action android:name="android.intent.action.VIEW" />
170-->[com.google.firebase:firebase-auth:21.0.2] AndroidManifest.xml:34:17-69
170-->[com.google.firebase:firebase-auth:21.0.2] AndroidManifest.xml:34:25-66
171
172                <category android:name="android.intent.category.DEFAULT" />
172-->[com.google.firebase:firebase-auth:21.0.2] AndroidManifest.xml:36:17-76
172-->[com.google.firebase:firebase-auth:21.0.2] AndroidManifest.xml:36:27-73
173                <category android:name="android.intent.category.BROWSABLE" />
173-->[com.google.firebase:firebase-auth:21.0.2] AndroidManifest.xml:37:17-78
173-->[com.google.firebase:firebase-auth:21.0.2] AndroidManifest.xml:37:27-75
174
175                <data
175-->[com.google.firebase:firebase-auth:21.0.2] AndroidManifest.xml:39:17-42:51
176                    android:host="firebase.auth"
176-->[com.google.firebase:firebase-auth:21.0.2] AndroidManifest.xml:40:21-49
177                    android:path="/"
177-->[com.google.firebase:firebase-auth:21.0.2] AndroidManifest.xml:41:21-37
178                    android:scheme="recaptcha" />
178-->[com.google.firebase:firebase-auth:21.0.2] AndroidManifest.xml:42:21-48
179            </intent-filter>
180        </activity>
181
182        <provider
182-->[com.google.firebase:firebase-common:20.1.0] AndroidManifest.xml:26:9-31:39
183            android:name="com.google.firebase.provider.FirebaseInitProvider"
183-->[com.google.firebase:firebase-common:20.1.0] AndroidManifest.xml:27:13-77
184            android:authorities="com.example.trial.firebaseinitprovider"
184-->[com.google.firebase:firebase-common:20.1.0] AndroidManifest.xml:28:13-72
185            android:directBootAware="true"
185-->[com.google.firebase:firebase-common:20.1.0] AndroidManifest.xml:29:13-43
186            android:exported="false"
186-->[com.google.firebase:firebase-common:20.1.0] AndroidManifest.xml:30:13-37
187            android:initOrder="100" /> <!-- Needs to be explicitly declared on P+ -->
187-->[com.google.firebase:firebase-common:20.1.0] AndroidManifest.xml:31:13-36
188        <uses-library
188-->[com.google.android.gms:play-services-maps:18.0.2] AndroidManifest.xml:39:9-41:40
189            android:name="org.apache.http.legacy"
189-->[com.google.android.gms:play-services-maps:18.0.2] AndroidManifest.xml:40:13-50
190            android:required="false" />
190-->[com.google.android.gms:play-services-maps:18.0.2] AndroidManifest.xml:41:13-37
191
192        <activity
192-->[com.google.android.gms:play-services-auth:20.0.1] AndroidManifest.xml:23:9-27:75
193            android:name="com.google.android.gms.auth.api.signin.internal.SignInHubActivity"
193-->[com.google.android.gms:play-services-auth:20.0.1] AndroidManifest.xml:24:13-93
194            android:excludeFromRecents="true"
194-->[com.google.android.gms:play-services-auth:20.0.1] AndroidManifest.xml:25:13-46
195            android:exported="false"
195-->[com.google.android.gms:play-services-auth:20.0.1] AndroidManifest.xml:26:13-37
196            android:theme="@android:style/Theme.Translucent.NoTitleBar" />
196-->[com.google.android.gms:play-services-auth:20.0.1] AndroidManifest.xml:27:13-72
197        <!--
198            Service handling Google Sign-In user revocation. For apps that do not integrate with
199            Google Sign-In, this service will never be started.
200        -->
201        <service
201-->[com.google.android.gms:play-services-auth:20.0.1] AndroidManifest.xml:33:9-37:51
202            android:name="com.google.android.gms.auth.api.signin.RevocationBoundService"
202-->[com.google.android.gms:play-services-auth:20.0.1] AndroidManifest.xml:34:13-89
203            android:exported="true"
203-->[com.google.android.gms:play-services-auth:20.0.1] AndroidManifest.xml:35:13-36
204            android:permission="com.google.android.gms.auth.api.signin.permission.REVOCATION_NOTIFICATION"
204-->[com.google.android.gms:play-services-auth:20.0.1] AndroidManifest.xml:36:13-107
205            android:visibleToInstantApps="true" />
205-->[com.google.android.gms:play-services-auth:20.0.1] AndroidManifest.xml:37:13-48
206
207        <receiver
207-->[com.google.android.gms:play-services-measurement:20.1.1] AndroidManifest.xml:29:9-33:20
208            android:name="com.google.android.gms.measurement.AppMeasurementReceiver"
208-->[com.google.android.gms:play-services-measurement:20.1.1] AndroidManifest.xml:30:13-85
209            android:enabled="true"
209-->[com.google.android.gms:play-services-measurement:20.1.1] AndroidManifest.xml:31:13-35
210            android:exported="false" >
210-->[com.google.android.gms:play-services-measurement:20.1.1] AndroidManifest.xml:32:13-37
211        </receiver>
212
213        <service
213-->[com.google.android.gms:play-services-measurement:20.1.1] AndroidManifest.xml:35:9-38:40
214            android:name="com.google.android.gms.measurement.AppMeasurementService"
214-->[com.google.android.gms:play-services-measurement:20.1.1] AndroidManifest.xml:36:13-84
215            android:enabled="true"
215-->[com.google.android.gms:play-services-measurement:20.1.1] AndroidManifest.xml:37:13-35
216            android:exported="false" />
216-->[com.google.android.gms:play-services-measurement:20.1.1] AndroidManifest.xml:38:13-37
217        <service
217-->[com.google.android.gms:play-services-measurement:20.1.1] AndroidManifest.xml:39:9-43:72
218            android:name="com.google.android.gms.measurement.AppMeasurementJobService"
218-->[com.google.android.gms:play-services-measurement:20.1.1] AndroidManifest.xml:40:13-87
219            android:enabled="true"
219-->[com.google.android.gms:play-services-measurement:20.1.1] AndroidManifest.xml:41:13-35
220            android:exported="false"
220-->[com.google.android.gms:play-services-measurement:20.1.1] AndroidManifest.xml:42:13-37
221            android:permission="android.permission.BIND_JOB_SERVICE" />
221-->[com.google.android.gms:play-services-measurement:20.1.1] AndroidManifest.xml:43:13-69
222
223        <activity
223-->[com.google.android.gms:play-services-base:18.0.1] AndroidManifest.xml:20:9-22:45
224            android:name="com.google.android.gms.common.api.GoogleApiActivity"
224-->[com.google.android.gms:play-services-base:18.0.1] AndroidManifest.xml:20:19-85
225            android:exported="false"
225-->[com.google.android.gms:play-services-base:18.0.1] AndroidManifest.xml:22:19-43
226            android:theme="@android:style/Theme.Translucent.NoTitleBar" />
226-->[com.google.android.gms:play-services-base:18.0.1] AndroidManifest.xml:21:19-78
227
228        <meta-data
228-->[com.google.android.gms:play-services-basement:18.0.0] AndroidManifest.xml:21:9-23:69
229            android:name="com.google.android.gms.version"
229-->[com.google.android.gms:play-services-basement:18.0.0] AndroidManifest.xml:22:13-58
230            android:value="@integer/google_play_services_version" />
230-->[com.google.android.gms:play-services-basement:18.0.0] AndroidManifest.xml:23:13-66
231
232        <uses-library
232-->[androidx.window:window:1.0.0-beta04] AndroidManifest.xml:25:9-27:40
233            android:name="androidx.window.extensions"
233-->[androidx.window:window:1.0.0-beta04] AndroidManifest.xml:26:13-54
234            android:required="false" />
234-->[androidx.window:window:1.0.0-beta04] AndroidManifest.xml:27:13-37
235        <uses-library
235-->[androidx.window:window:1.0.0-beta04] AndroidManifest.xml:28:9-30:40
236            android:name="androidx.window.sidecar"
236-->[androidx.window:window:1.0.0-beta04] AndroidManifest.xml:29:13-51
237            android:required="false" />
237-->[androidx.window:window:1.0.0-beta04] AndroidManifest.xml:30:13-37
238    </application>
239
240</manifest>